app/manifest-merger-release-report.txt
-- Merging decision tree log ---
manifest
ADDED from AndroidManifest.xml:2:1
	xmlns:android
		ADDED from AndroidManifest.xml:2:11
	package
		ADDED from AndroidManifest.xml:3:5
		INJECTED from AndroidManifest.xml:0:0
		INJECTED from AndroidManifest.xml:0:0
	android:versionName
		INJECTED from AndroidManifest.xml:0:0
		INJECTED from AndroidManifest.xml:0:0
	android:versionCode
		INJECTED from AndroidManifest.xml:0:0
		INJECTED from AndroidManifest.xml:0:0
uses-permission#android.permission.INTERNET
ADDED from AndroidManifest.xml:5:5
	android:name
		ADDED from AndroidManifest.xml:5:22
application
ADDED from AndroidManifest.xml:7:5
MERGED from com.android.support:appcompat-v7:21.0.3:16:5
MERGED from com.android.support:support-v4:21.0.3:16:5
MERGED from com.google.android.gms:play-services:6.5.87:20:5
MERGED from com.android.support:support-v4:21.0.3:16:5
	android:label
		ADDED from AndroidManifest.xml:10:9
	android:allowBackup
		ADDED from AndroidManifest.xml:8:9
	android:icon
		ADDED from AndroidManifest.xml:9:9
	android:theme
		ADDED from AndroidManifest.xml:11:9
activity#ucf.knightsdealistic.FirstScreen
ADDED from AndroidManifest.xml:12:9
	android:label
		ADDED from AndroidManifest.xml:14:13
	android:name
		ADDED from AndroidManifest.xml:13:13
intent-filter#android.intent.action.MAIN+android.intent.category.LAUNCHER
ADDED from AndroidManifest.xml:15:13
action#android.intent.action.MAIN
ADDED from AndroidManifest.xml:16:17
	android:name
		ADDED from AndroidManifest.xml:16:25
category#android.intent.category.LAUNCHER
ADDED from AndroidManifest.xml:18:17
	android:name
		ADDED from AndroidManifest.xml:18:27
activity#ucf.knightsdealistic.AdminHomePage
ADDED from AndroidManifest.xml:21:9
	android:label
		ADDED from AndroidManifest.xml:23:13
	android:name
		ADDED from AndroidManifest.xml:22:13
activity#ucf.knightsdealistic.TabPendingBigDealReq
ADDED from AndroidManifest.xml:25:9
	android:label
		ADDED from AndroidManifest.xml:27:13
	android:name
		ADDED from AndroidManifest.xml:26:13
activity#ucf.knightsdealistic.TabPendingStoreReq
ADDED from AndroidManifest.xml:29:9
	android:label
		ADDED from AndroidManifest.xml:31:13
	android:name
		ADDED from AndroidManifest.xml:30:13
activity#ucf.knightsdealistic.StoreLogin
ADDED from AndroidManifest.xml:33:9
	android:label
		ADDED from AndroidManifest.xml:35:13
	android:name
		ADDED from AndroidManifest.xml:34:13
activity#ucf.knightsdealistic.StoreHomePage
ADDED from AndroidManifest.xml:37:9
	android:label
		ADDED from AndroidManifest.xml:39:13
	android:name
		ADDED from AndroidManifest.xml:38:13
activity#ucf.knightsdealistic.ForgotPassword
ADDED from AndroidManifest.xml:41:9
	android:label
		ADDED from AndroidManifest.xml:43:13
	android:name
		ADDED from AndroidManifest.xml:42:13
activity#ucf.knightsdealistic.StudentLogin
ADDED from AndroidManifest.xml:45:9
	android:label
		ADDED from AndroidManifest.xml:47:13
	android:name
		ADDED from AndroidManifest.xml:46:13
activity#ucf.knightsdealistic.AdminLogin
ADDED from AndroidManifest.xml:49:9
	android:label
		ADDED from AndroidManifest.xml:51:13
	android:name
		ADDED from AndroidManifest.xml:50:13
activity#ucf.knightsdealistic.StoreRegistration
ADDED from AndroidManifest.xml:53:9
	android:label
		ADDED from AndroidManifest.xml:55:13
	android:name
		ADDED from AndroidManifest.xml:54:13
activity#ucf.knightsdealistic.ChangePassword
ADDED from AndroidManifest.xml:57:9
	android:label
		ADDED from AndroidManifest.xml:59:13
	android:name
		ADDED from AndroidManifest.xml:58:13
activity#ucf.knightsdealistic.StudentHomePage
ADDED from AndroidManifest.xml:61:9
	android:label
		ADDED from AndroidManifest.xml:63:13
	android:name
		ADDED from AndroidManifest.xml:62:13
activity#ucf.knightsdealistic.EditDeal
ADDED from AndroidManifest.xml:65:9
	android:label
		ADDED from AndroidManifest.xml:67:13
	android:name
		ADDED from AndroidManifest.xml:66:13
activity#ucf.knightsdealistic.EditBigDeal
ADDED from AndroidManifest.xml:69:9
	android:label
		ADDED from AndroidManifest.xml:71:13
	android:name
		ADDED from AndroidManifest.xml:70:13
activity#ucf.knightsdealistic.ViewStoreDeals
ADDED from AndroidManifest.xml:73:9
	android:label
		ADDED from AndroidManifest.xml:75:13
	android:name
		ADDED from AndroidManifest.xml:74:13
activity#ucf.knightsdealistic.ViewStoreBigDeals
ADDED from AndroidManifest.xml:77:9
	android:label
		ADDED from AndroidManifest.xml:79:13
	android:name
		ADDED from AndroidManifest.xml:78:13
activity#ucf.knightsdealistic.TabStudentDealsOfTheDay
ADDED from AndroidManifest.xml:81:9
	android:label
		ADDED from AndroidManifest.xml:83:13
	android:name
		ADDED from AndroidManifest.xml:82:13
activity#ucf.knightsdealistic.TabStudentUpcomingDeals
ADDED from AndroidManifest.xml:85:9
	android:label
		ADDED from AndroidManifest.xml:87:13
	android:name
		ADDED from AndroidManifest.xml:86:13
activity#ucf.knightsdealistic.SecurityQuestion
ADDED from AndroidManifest.xml:89:9
	android:label
		ADDED from AndroidManifest.xml:91:13
	android:name
		ADDED from AndroidManifest.xml:90:13
activity#ucf.knightsdealistic.UserName
ADDED from AndroidManifest.xml:93:9
	android:label
		ADDED from AndroidManifest.xml:95:13
	android:name
		ADDED from AndroidManifest.xml:94:13
activity#ucf.knightsdealistic.NewPassword
ADDED from AndroidManifest.xml:97:9
	android:label
		ADDED from AndroidManifest.xml:99:13
	android:name
		ADDED from AndroidManifest.xml:98:13
uses-sdk
INJECTED from AndroidManifest.xml:0:0 reason: use-sdk injection requested
MERGED from com.android.support:appcompat-v7:21.0.3:15:5
MERGED from com.android.support:support-v4:21.0.3:15:5
MERGED from com.google.android.gms:play-services:6.5.87:18:5
MERGED from com.android.support:support-v4:21.0.3:15:5
	android:targetSdkVersion
		INJECTED from AndroidManifest.xml:0:0
		INJECTED from AndroidManifest.xml:0:0
	android:minSdkVersion
		INJECTED from AndroidManifest.xml:0:0
		INJECTED from AndroidManifest.xml:0:0
meta-data#com.google.android.gms.version
ADDED from com.google.android.gms:play-services:6.5.87:21:9
	android:name
		ADDED from com.google.android.gms:play-services:6.5.87:22:13
	android:value
		ADDED from com.google.android.gms:play-services:6.5.87:23:13